<?xml version="1.0" encoding="UTF-8"?>
<!-- Generated by org.testng.reporters.JUnitReportReporter -->
<testsuite hostname="ReshmaB-PC" name="Purchase.CreateNewRequisitionTest" tests="8" failures="0" timestamp="14 Jun 2017 07:17:20 GMT" time="227.320" errors="0">
  <testcase name="EditRequisition" time="10.266" classname="Purchase.CreateNewRequisitionTest"/>
  <testcase name="AddItems" time="51.255" classname="Purchase.CreateNewRequisitionTest"/>
  <testcase name="createnewreq" time="41.213" classname="Purchase.CreateNewRequisitionTest"/>
  <testcase name="Edititems" time="28.585" classname="Purchase.CreateNewRequisitionTest"/>
  <testcase name="Search" time="31.778" classname="Purchase.CreateNewRequisitionTest"/>
  <testcase name="Attachement" time="27.813" classname="Purchase.CreateNewRequisitionTest"/>
  <testcase name="createnewreqM" time="10.205" classname="Purchase.CreateNewRequisitionTest"/>
  <testcase name="RequisitionItems" time="26.205" classname="Purchase.CreateNewRequisitionTest"/>
</testsuite> <!-- Purchase.CreateNewRequisitionTest -->
